<?xml version="1.0" encoding="UTF-8"?>
<testsuite name="com.hong.book.springboot.dto.HelloResponseDtoTest" tests="1" skipped="0" failures="0" errors="0" timestamp="2021-01-27T04:42:23" hostname="DESKTOP-H5SHPDC" time="0.073">
  <properties/>
  <testcase name="롬복_기능_테스트" classname="com.hong.book.springboot.dto.HelloResponseDtoTest" time="0.073"/>
  <system-out><![CDATA[]]></system-out>
  <system-err><![CDATA[]]></system-err>
</testsuite>
